TN:
SF:/home/ana/Desktop/vs_najnovija_verzija/VerifikacijaSoftvera/OnlineBankingSystem/controller.cpp
FN:119,165,_ZN10Controller18showCustomerPortalEi
FN:166,201,_ZN10Controller17showEmployeeLoginEv
FN:202,252,_ZN10Controller18showEmployeePortalEi
FN:253,307,_ZN10Controller9showAdminEv
FN:29,35,_ZN10Controller10showBannerEv
FN:308,323,_ZN10Controller11showCreditsEv
FN:326,379,_ZN10Controller11addCustomerEv
FN:36,80,_ZN10Controller8showMenuEv
FN:380,445,_ZN10Controller14modifyCustomerEv
FN:446,469,_ZN10Controller16displayCustomersEv
FN:470,497,_ZN10Controller14deleteCustomerEv
FN:498,543,_ZN10Controller18displayCustomersByEv
FN:544,597,_ZN10Controller11addEmployeeEv
FN:598,663,_ZN10Controller14modifyEmployeeEv
FN:664,687,_ZN10Controller16displayEmployeesEv
FN:688,716,_ZN10Controller14deleteEmployeeEv
FN:717,758,_ZN10Controller7depositEv
FN:759,801,_ZN10Controller8withdrawEv
FN:802,847,_ZN10Controller22changeCustomerPasswordEi
FN:81,115,_ZN10Controller17showCustomerLoginEv
FN:848,865,_ZN10Controller11showLicenseEv
FN:868,873,_ZN10Controller18sortCustomerByNameERK8CustomerS2_
FN:874,879,_ZN10Controller17sortCustomerByDobERK8CustomerS2_
FN:880,885,_ZN10Controller16sortCustomerByIdERK8CustomerS2_
FN:886,891,_ZN10Controller21sortCustomerByBalanceERK8CustomerS2_
FNDA:1,_ZN10Controller18showCustomerPortalEi
FNDA:1,_ZN10Controller17showEmployeeLoginEv
FNDA:1,_ZN10Controller18showEmployeePortalEi
FNDA:2,_ZN10Controller9showAdminEv
FNDA:1,_ZN10Controller10showBannerEv
FNDA:1,_ZN10Controller11showCreditsEv
FNDA:10,_ZN10Controller11addCustomerEv
FNDA:4,_ZN10Controller8showMenuEv
FNDA:1,_ZN10Controller14modifyCustomerEv
FNDA:2,_ZN10Controller16displayCustomersEv
FNDA:2,_ZN10Controller14deleteCustomerEv
FNDA:4,_ZN10Controller18displayCustomersByEv
FNDA:9,_ZN10Controller11addEmployeeEv
FNDA:3,_ZN10Controller14modifyEmployeeEv
FNDA:5,_ZN10Controller16displayEmployeesEv
FNDA:2,_ZN10Controller14deleteEmployeeEv
FNDA:3,_ZN10Controller7depositEv
FNDA:1,_ZN10Controller8withdrawEv
FNDA:3,_ZN10Controller22changeCustomerPasswordEi
FNDA:2,_ZN10Controller17showCustomerLoginEv
FNDA:1,_ZN10Controller11showLicenseEv
FNDA:1,_ZN10Controller18sortCustomerByNameERK8CustomerS2_
FNDA:2,_ZN10Controller17sortCustomerByDobERK8CustomerS2_
FNDA:1,_ZN10Controller16sortCustomerByIdERK8CustomerS2_
FNDA:1,_ZN10Controller21sortCustomerByBalanceERK8CustomerS2_
FNF:25
FNH:25
DA:29,1
DA:30,1
DA:32,1
DA:33,1
DA:34,1
DA:35,1
DA:36,4
DA:39,4
DA:40,4
DA:41,4
DA:42,4
DA:43,4
DA:44,4
DA:46,4
DA:47,4
DA:48,4
DA:49,4
DA:51,0
DA:52,0
DA:53,0
DA:54,0
DA:55,0
DA:56,0
DA:57,3
DA:59,3
DA:60,3
DA:61,3
DA:62,3
DA:63,3
DA:64,3
DA:65,2
DA:66,1
DA:67,3
DA:68,3
DA:69,0
DA:70,0
DA:71,0
DA:72,0
DA:73,0
DA:74,0
DA:75,0
DA:76,0
DA:77,1
DA:78,1
DA:80,4
DA:81,2
DA:82,2
DA:83,2
DA:84,2
DA:85,2
DA:86,2
DA:87,0
DA:88,0
DA:89,0
DA:91,2
DA:94,2
DA:95,2
DA:96,2
DA:97,2
DA:98,2
DA:99,2
DA:100,2
DA:101,2
DA:103,0
DA:105,0
DA:106,0
DA:107,0
DA:108,0
DA:111,2
DA:113,2
DA:115,2
DA:119,1
DA:120,1
DA:121,3
DA:123,2
DA:124,2
DA:125,2
DA:126,4
DA:127,2
DA:130,2
DA:131,2
DA:132,2
DA:133,2
DA:135,2
DA:136,2
DA:138,0
DA:140,0
DA:141,0
DA:143,0
DA:145,0
DA:149,0
DA:150,0
DA:152,0
DA:154,0
DA:155,0
DA:156,0
DA:157,0
DA:158,1
DA:159,1
DA:160,1
DA:161,1
DA:162,1
DA:164,2
DA:165,1
DA:166,1
DA:168,1
DA:169,1
DA:170,1
DA:171,1
DA:172,2
DA:173,1
DA:174,1
DA:175,1
DA:177,1
DA:180,1
DA:181,1
DA:182,1
DA:183,1
DA:184,1
DA:185,1
DA:186,1
DA:187,2
DA:189,1
DA:191,1
DA:192,1
DA:193,1
DA:194,1
DA:197,1
DA:199,0
DA:201,1
DA:202,1
DA:209,1
DA:210,1
DA:211,1
DA:212,1
DA:213,1
DA:214,1
DA:215,1
DA:216,1
DA:218,1
DA:219,1
DA:220,1
DA:222,0
DA:223,0
DA:224,0
DA:225,0
DA:226,0
DA:227,0
DA:228,0
DA:229,0
DA:230,0
DA:231,0
DA:232,0
DA:233,0
DA:234,0
DA:235,0
DA:236,0
DA:237,0
DA:238,0
DA:239,0
DA:240,0
DA:241,0
DA:242,0
DA:243,1
DA:244,1
DA:245,1
DA:246,0
DA:247,0
DA:249,1
DA:250,1
DA:251,0
DA:252,1
DA:253,2
DA:255,2
DA:259,4
DA:260,4
DA:261,4
DA:262,4
DA:264,4
DA:265,4
DA:266,4
DA:267,1
DA:268,1
DA:269,1
DA:270,1
DA:271,1
DA:272,1
DA:273,0
DA:274,0
DA:275,0
DA:276,0
DA:277,0
DA:278,0
DA:279,0
DA:280,0
DA:281,0
DA:282,0
DA:283,0
DA:284,0
DA:285,0
DA:286,0
DA:287,0
DA:288,0
DA:289,0
DA:290,0
DA:291,0
DA:292,0
DA:293,0
DA:294,0
DA:295,0
DA:296,0
DA:297,2
DA:298,2
DA:299,2
DA:300,0
DA:301,0
DA:303,4
DA:304,2
DA:305,2
DA:307,2
DA:308,1
DA:311,1
DA:312,1
DA:313,1
DA:314,1
DA:315,1
DA:316,1
DA:317,1
DA:318,1
DA:319,1
DA:321,1
DA:322,1
DA:323,1
DA:326,10
DA:328,10
DA:329,10
DA:330,10
DA:331,12
DA:332,2
DA:334,10
DA:336,10
DA:337,10
DA:338,10
DA:340,12
DA:342,2
DA:344,0
DA:345,0
DA:348,10
DA:353,10
DA:355,10
DA:356,10
DA:357,10
DA:358,10
DA:359,10
DA:360,10
DA:361,10
DA:362,10
DA:364,10
DA:365,10
DA:366,10
DA:367,10
DA:368,10
DA:369,10
DA:370,10
DA:371,10
DA:372,10
DA:373,10
DA:374,10
DA:375,10
DA:377,0
DA:379,10
DA:380,1
DA:383,1
DA:384,1
DA:385,1
DA:386,1
DA:388,0
DA:390,1
DA:392,1
DA:395,1
DA:396,1
DA:398,1
DA:399,1
DA:400,1
DA:401,1
DA:403,0
DA:405,0
DA:406,0
DA:409,1
DA:413,0
DA:415,0
DA:416,0
DA:417,0
DA:418,0
DA:419,0
DA:420,0
DA:421,0
DA:422,0
DA:424,0
DA:425,0
DA:426,0
DA:427,0
DA:428,0
DA:429,0
DA:430,0
DA:431,0
DA:432,0
DA:435,0
DA:436,0
DA:438,0
DA:440,0
DA:441,0
DA:443,1
DA:445,1
DA:446,2
DA:449,2
DA:450,2
DA:451,2
DA:452,3
DA:454,1
DA:456,2
DA:457,2
DA:458,2
DA:459,2
DA:460,2
DA:461,3
DA:463,1
DA:464,3
DA:465,2
DA:467,2
DA:468,2
DA:469,2
DA:470,2
DA:472,2
DA:473,2
DA:474,2
DA:475,3
DA:477,1
DA:479,2
DA:481,2
DA:482,2
DA:483,3
DA:485,1
DA:487,1
DA:491,2
DA:492,2
DA:494,0
DA:496,2
DA:497,2
DA:498,4
DA:500,4
DA:501,4
DA:502,4
DA:503,12
DA:505,8
DA:507,4
DA:508,4
DA:512,4
DA:513,4
DA:514,4
DA:515,4
DA:516,4
DA:517,4
DA:519,1
DA:520,1
DA:521,1
DA:522,1
DA:523,1
DA:524,1
DA:525,1
DA:526,1
DA:527,1
DA:528,1
DA:529,1
DA:530,1
DA:532,4
DA:533,4
DA:534,4
DA:535,12
DA:537,8
DA:538,24
DA:539,16
DA:541,4
DA:542,4
DA:543,4
DA:544,9
DA:546,9
DA:547,9
DA:548,9
DA:549,12
DA:550,3
DA:552,9
DA:554,9
DA:555,9
DA:556,9
DA:558,10
DA:560,3
DA:562,2
DA:563,2
DA:566,9
DA:571,7
DA:573,7
DA:574,7
DA:575,7
DA:576,7
DA:577,7
DA:578,7
DA:579,7
DA:580,7
DA:582,7
DA:583,7
DA:584,7
DA:585,7
DA:586,7
DA:587,7
DA:588,7
DA:589,7
DA:590,7
DA:591,7
DA:592,7
DA:593,7
DA:595,2
DA:597,9
DA:598,3
DA:601,3
DA:602,3
DA:603,3
DA:604,6
DA:606,3
DA:608,3
DA:610,3
DA:613,3
DA:614,3
DA:616,3
DA:617,3
DA:618,3
DA:619,4
DA:621,3
DA:623,2
DA:624,2
DA:627,3
DA:631,2
DA:633,2
DA:634,2
DA:635,2
DA:636,2
DA:637,2
DA:638,2
DA:639,2
DA:640,2
DA:642,2
DA:643,2
DA:644,2
DA:645,2
DA:646,2
DA:647,2
DA:648,2
DA:649,2
DA:650,2
DA:653,2
DA:654,4
DA:656,2
DA:658,2
DA:659,2
DA:661,1
DA:663,3
DA:664,5
DA:667,5
DA:668,5
DA:669,5
DA:670,9
DA:672,4
DA:674,5
DA:675,5
DA:676,5
DA:677,5
DA:678,5
DA:679,9
DA:681,4
DA:682,12
DA:683,8
DA:685,5
DA:686,5
DA:687,5
DA:688,2
DA:691,2
DA:692,2
DA:693,2
DA:694,5
DA:696,3
DA:698,2
DA:700,2
DA:701,2
DA:702,4
DA:704,2
DA:706,2
DA:710,2
DA:711,3
DA:713,1
DA:715,2
DA:716,2
DA:717,3
DA:720,3
DA:721,3
DA:722,3
DA:723,6
DA:725,3
DA:727,3
DA:728,3
DA:729,3
DA:730,3
DA:733,3
DA:734,3
DA:735,3
DA:736,3
DA:737,3
DA:738,4
DA:740,3
DA:742,2
DA:743,2
DA:744,2
DA:748,3
DA:749,6
DA:751,3
DA:753,3
DA:754,3
DA:755,2
DA:757,1
DA:758,3
DA:759,1
DA:763,1
DA:764,1
DA:765,1
DA:766,2
DA:768,1
DA:770,1
DA:771,1
DA:772,1
DA:773,1
DA:776,1
DA:777,1
DA:778,1
DA:779,1
DA:780,1
DA:781,1
DA:783,1
DA:785,1
DA:786,1
DA:787,1
DA:791,1
DA:792,2
DA:794,1
DA:796,1
DA:797,1
DA:798,1
DA:800,0
DA:801,1
DA:802,3
DA:806,3
DA:807,3
DA:808,3
DA:809,6
DA:811,3
DA:813,3
DA:816,3
DA:817,3
DA:818,3
DA:819,3
DA:820,3
DA:821,3
DA:822,3
DA:823,3
DA:824,3
DA:825,3
DA:826,5
DA:828,3
DA:830,1
DA:831,1
DA:832,1
DA:835,3
DA:836,1
DA:837,2
DA:838,2
DA:841,3
DA:842,6
DA:844,3
DA:846,3
DA:847,3
DA:848,1
DA:851,1
DA:852,1
DA:853,1
DA:854,4
DA:856,3
DA:857,3
DA:859,1
DA:860,1
DA:861,1
DA:863,1
DA:864,1
DA:865,1
DA:868,1
DA:870,1
DA:871,1
DA:872,0
DA:874,2
DA:876,2
DA:877,0
DA:878,2
DA:880,1
DA:882,1
DA:883,1
DA:884,0
DA:886,1
DA:888,1
DA:889,1
DA:890,0
LF:617
LH:496
end_of_record
TN:
SF:/home/ana/Desktop/vs_najnovija_verzija/VerifikacijaSoftvera/OnlineBankingSystem/credential.cpp
FN:20,29,_ZN10CredentialeqERKS_
FN:30,33,_ZN10Credential5setIDEi
FN:34,37,_ZN10Credential7setPassEPKc
FNDA:8,_ZN10CredentialeqERKS_
FNDA:2,_ZN10Credential5setIDEi
FNDA:2,_ZN10Credential7setPassEPKc
FNF:3
FNH:3
DA:20,8
DA:22,8
DA:24,4
DA:27,4
DA:30,2
DA:32,2
DA:33,2
DA:34,2
DA:36,2
DA:37,2
LF:10
LH:10
end_of_record
TN:
SF:/home/ana/Desktop/vs_najnovija_verzija/VerifikacijaSoftvera/OnlineBankingSystem/credential.h
FN:28,30,_ZN10CredentialC2Ev
FN:31,33,_ZN10CredentialC2EiPKc
FNDA:6,_ZN10CredentialC2Ev
FNDA:22,_ZN10CredentialC2EiPKc
FNF:2
FNH:2
DA:28,6
DA:29,6
DA:30,6
DA:31,22
DA:32,22
DA:33,22
LF:6
LH:6
end_of_record
TN:
SF:/home/ana/Desktop/vs_najnovija_verzija/VerifikacijaSoftvera/OnlineBankingSystem/customer.cpp
FN:20,22,_ZNK8Customer11showDetailsEv
FN:23,25,_ZNK8Customer10getBalanceEv
FN:26,29,_ZN8Customer7depositEf
FN:30,33,_ZN8Customer8withdrawEf
FNDA:1,_ZNK8Customer11showDetailsEv
FNDA:16,_ZNK8Customer10getBalanceEv
FNDA:3,_ZN8Customer7depositEf
FNDA:2,_ZN8Customer8withdrawEf
FNF:4
FNH:4
DA:20,1
DA:21,1
DA:22,1
DA:23,16
DA:24,16
DA:26,3
DA:28,3
DA:29,3
DA:30,2
DA:32,2
DA:33,2
LF:11
LH:11
end_of_record
TN:
SF:/home/ana/Desktop/vs_najnovija_verzija/VerifikacijaSoftvera/OnlineBankingSystem/customer.h
FN:29,29,_ZN8CustomerC2Ev
FN:32,33,_ZN8CustomerC2EiPKcS1_l9TimeStampS1_f
FN:36,38,_ZN8CustomerC2ERKS_
FNDA:30,_ZN8CustomerC2Ev
FNDA:20,_ZN8CustomerC2EiPKcS1_l9TimeStampS1_f
FNDA:37,_ZN8CustomerC2ERKS_
FNF:3
FNH:3
DA:29,30
DA:32,20
DA:33,20
DA:36,37
DA:37,37
DA:38,37
LF:6
LH:6
end_of_record
TN:
SF:/home/ana/Desktop/vs_najnovija_verzija/VerifikacijaSoftvera/OnlineBankingSystem/employee.cpp
FN:21,23,_ZNK8Employee11showDetailsEv
FN:24,27,_ZNK8Employee9getSalaryEv
FNDA:1,_ZNK8Employee11showDetailsEv
FNDA:6,_ZNK8Employee9getSalaryEv
FNF:2
FNH:2
DA:21,1
DA:22,1
DA:23,1
DA:24,6
DA:26,6
LF:5
LH:5
end_of_record
TN:
SF:/home/ana/Desktop/vs_najnovija_verzija/VerifikacijaSoftvera/OnlineBankingSystem/employee.h
FN:30,30,_ZN8EmployeeC2Ev
FN:31,32,_ZN8EmployeeC2EiPKcS1_l9TimeStampS1_f
FN:34,34,_ZN8EmployeeC2ERKS_
FNDA:21,_ZN8EmployeeC2Ev
FNDA:13,_ZN8EmployeeC2EiPKcS1_l9TimeStampS1_f
FNDA:14,_ZN8EmployeeC2ERKS_
FNF:3
FNH:3
DA:30,21
DA:31,13
DA:32,13
DA:34,14
LF:4
LH:4
end_of_record
TN:
SF:/home/ana/Desktop/vs_najnovija_verzija/VerifikacijaSoftvera/OnlineBankingSystem/person.cpp
FN:20,27,_ZN6PersonC2ERKS_
FN:28,30,_ZNK6Person5getIDEv
FN:31,33,_ZNK6Person7getNameEv
FN:34,36,_ZNK6Person10getAddressEv
FN:37,39,_ZNK6Person8getPhoneEv
FN:40,42,_ZNK6Person6getDobEv
FN:43,45,_ZNK6Person7getPassEv
FN:46,49,_ZN6Person7setPassEPKc
FNDA:51,_ZN6PersonC2ERKS_
FNDA:39,_ZNK6Person5getIDEv
FNDA:25,_ZNK6Person7getNameEv
FNDA:17,_ZNK6Person10getAddressEv
FNDA:17,_ZNK6Person8getPhoneEv
FNDA:21,_ZNK6Person6getDobEv
FNDA:20,_ZNK6Person7getPassEv
FNDA:2,_ZN6Person7setPassEPKc
FNF:8
FNH:8
DA:20,51
DA:21,51
DA:22,51
DA:23,51
DA:24,51
DA:25,51
DA:26,51
DA:27,51
DA:28,39
DA:29,39
DA:31,25
DA:32,25
DA:34,17
DA:35,17
DA:37,17
DA:38,17
DA:40,21
DA:41,21
DA:43,20
DA:44,20
DA:46,2
DA:48,2
DA:49,2
LF:23
LH:23
end_of_record
TN:
SF:/home/ana/Desktop/vs_najnovija_verzija/VerifikacijaSoftvera/OnlineBankingSystem/person.h
FN:38,38,_ZN6PersonC2Ev
FN:41,46,_ZN6PersonC2EiPKcS1_l9TimeStampS1_
FNDA:51,_ZN6PersonC2Ev
FNDA:33,_ZN6PersonC2EiPKcS1_l9TimeStampS1_
FNF:2
FNH:2
DA:38,51
DA:41,33
DA:42,33
DA:43,33
DA:44,33
DA:45,33
DA:46,33
LF:7
LH:7
end_of_record
TN:
SF:/home/ana/Desktop/vs_najnovija_verzija/VerifikacijaSoftvera/OnlineBankingSystem/rajdeep.cpp
FN:19,24,_ZNK7Rajdeep5delayEv
FN:25,27,_ZNK7Rajdeep5delayEl
FN:28,35,_ZNK7Rajdeep8drawLineEi
FN:36,43,_ZNK7Rajdeep8drawLineEci
FN:44,52,_ZNK7Rajdeep13drawLineTransEii
FN:53,61,_ZNK7Rajdeep13drawLineTransEcii
FN:62,64,_ZNK7Rajdeep9transTextENSt7__cxx1112basic_stringIcSt11char_traitsIcESaIcEEEi
FNDA:1,_ZNK7Rajdeep5delayEv
FNDA:9,_ZNK7Rajdeep5delayEl
FNDA:74,_ZNK7Rajdeep8drawLineEi
FNDA:1,_ZNK7Rajdeep8drawLineEci
FNDA:1,_ZNK7Rajdeep13drawLineTransEii
FNDA:1,_ZNK7Rajdeep13drawLineTransEcii
FNDA:1,_ZNK7Rajdeep9transTextENSt7__cxx1112basic_stringIcSt11char_traitsIcESaIcEEEi
FNF:7
FNH:7
DA:19,1
DA:21,100001
DA:22,1000100000
DA:24,1
DA:25,9
DA:27,9
DA:28,74
DA:30,6139
DA:32,6065
DA:34,74
DA:35,74
DA:36,1
DA:38,4
DA:40,3
DA:42,1
DA:43,1
DA:44,1
DA:46,6
DA:48,5
DA:49,5
DA:51,1
DA:52,1
DA:53,1
DA:55,4
DA:57,3
DA:58,3
DA:60,1
DA:61,1
DA:62,1
DA:64,1
LF:30
LH:30
end_of_record
TN:
SF:/home/ana/Desktop/vs_najnovija_verzija/VerifikacijaSoftvera/OnlineBankingSystem/timestamp.cpp
FN:22,26,_ZN9TimeStampC2ERKS_
FN:27,31,_ZNK9TimeStamp8toStringB5cxx11Ev
FN:32,34,_ZNK9TimeStamp10timeWeightEv
FN:35,39,_ZNK9TimeStampgtERKS_
FN:40,44,_ZNK9TimeStampltERKS_
FN:45,49,_ZNK9TimeStampeqERKS_
FN:51,56,_ZN9TimeStamp3setEjjj
FNDA:127,_ZN9TimeStampC2ERKS_
FNDA:25,_ZNK9TimeStamp8toStringB5cxx11Ev
FNDA:20,_ZNK9TimeStamp10timeWeightEv
FNDA:3,_ZNK9TimeStampgtERKS_
FNDA:4,_ZNK9TimeStampltERKS_
FNDA:3,_ZNK9TimeStampeqERKS_
FNDA:29,_ZN9TimeStamp3setEjjj
FNF:7
FNH:7
DA:22,127
DA:23,127
DA:24,127
DA:25,127
DA:26,127
DA:27,25
DA:28,25
DA:29,25
DA:30,50
DA:31,25
DA:32,20
DA:33,20
DA:35,3
DA:36,3
DA:37,2
DA:38,1
DA:40,4
DA:41,4
DA:42,1
DA:43,3
DA:45,3
DA:46,3
DA:47,2
DA:48,1
DA:51,29
DA:53,29
DA:54,29
DA:55,29
DA:56,29
LF:29
LH:29
end_of_record
TN:
SF:/home/ana/Desktop/vs_najnovija_verzija/VerifikacijaSoftvera/OnlineBankingSystem/timestamp.h
FN:30,30,_ZN9TimeStampC2Ev
FN:31,31,_ZN9TimeStampC2Ejjj
FNDA:131,_ZN9TimeStampC2Ev
FNDA:11,_ZN9TimeStampC2Ejjj
FNF:2
FNH:2
DA:30,131
DA:31,11
LF:2
LH:2
end_of_record
TN:
SF:/home/ana/Desktop/vs_najnovija_verzija/VerifikacijaSoftvera/OnlineBankingSystem/txn.cpp
FN:22,35,_ZNK3Txn8printTxnEv
FNDA:3,_ZNK3Txn8printTxnEv
FNF:1
FNH:1
DA:22,3
DA:24,3
DA:25,3
DA:26,3
DA:27,3
DA:28,3
DA:29,6
DA:30,3
DA:31,3
DA:32,3
DA:33,3
DA:34,3
DA:35,3
LF:13
LH:13
end_of_record
TN:
SF:/home/ana/Desktop/vs_najnovija_verzija/VerifikacijaSoftvera/OnlineBankingSystem/txn.h
FN:29,29,_ZN3TxnC2Ei9TimeStamp8Customerfc
FNDA:3,_ZN3TxnC2Ei9TimeStamp8Customerfc
FNF:1
FNH:1
DA:29,3
LF:1
LH:1
end_of_record
TN:
SF:/home/ana/Desktop/vs_najnovija_verzija/VerifikacijaSoftvera/unit_tests/tests/test_controller.cpp
FN:10,16,_Z20resetTestEnvironmentv
FN:18,355,_ZL29____C_A_T_C_H____T_E_S_T____0v
FNDA:21,_Z20resetTestEnvironmentv
FNDA:20,_ZL29____C_A_T_C_H____T_E_S_T____0v
FNF:2
FNH:2
DA:10,21
DA:11,21
DA:12,21
DA:13,21
DA:14,21
DA:15,21
DA:16,21
DA:18,20
DA:19,20
DA:22,40
DA:23,1
DA:24,1
DA:25,2
DA:26,1
DA:28,1
DA:29,1
DA:30,1
DA:32,1
DA:33,1
DA:34,1
DA:35,21
DA:37,40
DA:38,2
DA:39,1
DA:40,1
DA:42,1
DA:43,1
DA:44,1
DA:46,2
DA:47,1
DA:48,1
DA:50,1
DA:51,1
DA:52,21
DA:54,40
DA:55,2
DA:56,1
DA:57,1
DA:59,2
DA:60,1
DA:61,1
DA:63,2
DA:64,1
DA:65,1
DA:67,1
DA:68,1
DA:69,2
DA:70,1
DA:71,1
DA:73,1
DA:74,1
DA:75,21
DA:77,40
DA:78,2
DA:79,1
DA:80,1
DA:82,2
DA:83,1
DA:84,1
DA:86,1
DA:87,1
DA:88,2
DA:89,1
DA:90,1
DA:92,1
DA:93,1
DA:94,1
DA:95,1
DA:96,21
DA:98,40
DA:99,1
DA:100,1
DA:101,2
DA:102,1
DA:103,1
DA:104,1
DA:105,1
DA:106,21
DA:108,40
DA:109,2
DA:110,1
DA:111,1
DA:112,1
DA:113,1
DA:114,1
DA:115,1
DA:116,21
DA:118,40
DA:119,2
DA:120,1
DA:121,1
DA:123,2
DA:124,1
DA:125,1
DA:126,1
DA:127,1
DA:128,1
DA:129,1
DA:130,21
DA:132,40
DA:133,2
DA:134,1
DA:135,1
DA:136,1
DA:137,1
DA:138,1
DA:139,1
DA:140,21
DA:142,40
DA:143,2
DA:144,1
DA:145,1
DA:147,2
DA:148,1
DA:149,1
DA:150,1
DA:151,1
DA:152,1
DA:153,1
DA:154,21
DA:156,40
DA:157,2
DA:158,1
DA:159,1
DA:161,2
DA:162,1
DA:163,1
DA:164,1
DA:165,21
DA:167,40
DA:168,1
DA:169,2
DA:170,1
DA:171,1
DA:172,1
DA:173,1
DA:174,1
DA:175,1
DA:176,21
DA:178,40
DA:179,1
DA:180,2
DA:181,1
DA:182,1
DA:184,2
DA:185,1
DA:186,1
DA:189,2
DA:190,1
DA:191,1
DA:193,1
DA:194,1
DA:195,1
DA:196,1
DA:197,1
DA:198,21
DA:200,40
DA:201,2
DA:202,1
DA:203,1
DA:205,1
DA:206,1
DA:208,2
DA:209,1
DA:210,1
DA:211,1
DA:212,1
DA:213,21
DA:215,40
DA:217,2
DA:218,1
DA:219,1
DA:221,2
DA:222,1
DA:223,1
DA:224,1
DA:225,1
DA:226,1
DA:227,21
DA:229,40
DA:230,1
DA:231,1
DA:234,2
DA:235,1
DA:236,1
DA:239,2
DA:240,1
DA:241,1
DA:243,1
DA:244,1
DA:245,21
DA:247,40
DA:255,2
DA:256,1
DA:257,1
DA:258,1
DA:259,1
DA:260,1
DA:261,1
DA:262,21
DA:264,40
DA:266,2
DA:267,1
DA:268,1
DA:271,2
DA:272,1
DA:273,1
DA:276,2
DA:277,1
DA:278,1
DA:280,1
DA:281,1
DA:282,1
DA:283,1
DA:285,1
DA:286,21
DA:288,40
DA:290,2
DA:291,1
DA:292,1
DA:294,1
DA:295,1
DA:298,2
DA:299,1
DA:300,1
DA:301,1
DA:304,2
DA:305,1
DA:306,1
DA:307,1
DA:309,1
DA:310,21
DA:312,40
DA:314,2
DA:315,1
DA:316,1
DA:318,2
DA:319,1
DA:320,1
DA:323,2
DA:324,1
DA:325,1
DA:327,1
DA:328,21
DA:330,40
DA:332,2
DA:333,1
DA:334,1
DA:336,1
DA:337,1
DA:340,2
DA:341,1
DA:342,1
DA:345,2
DA:346,1
DA:347,1
DA:349,1
DA:350,1
DA:351,1
DA:352,21
DA:355,20
LF:261
LH:261
end_of_record
TN:
SF:/home/ana/Desktop/vs_najnovija_verzija/VerifikacijaSoftvera/unit_tests/tests/test_credentials.cpp
FN:6,86,_ZL29____C_A_T_C_H____T_E_S_T____0v
FNDA:12,_ZL29____C_A_T_C_H____T_E_S_T____0v
FNF:1
FNH:1
DA:6,12
DA:8,24
DA:9,1
DA:10,1
DA:11,1
DA:12,12
DA:14,24
DA:15,1
DA:16,1
DA:17,1
DA:18,12
DA:20,24
DA:21,1
DA:22,1
DA:23,1
DA:24,12
DA:26,24
DA:27,1
DA:28,1
DA:29,1
DA:30,12
DA:32,24
DA:33,8
DA:35,16
DA:36,1
DA:37,1
DA:38,8
DA:40,16
DA:41,1
DA:42,1
DA:43,8
DA:45,16
DA:46,1
DA:47,1
DA:48,8
DA:50,16
DA:51,1
DA:52,1
DA:53,8
DA:55,16
DA:56,1
DA:57,1
DA:58,1
DA:59,8
DA:61,16
DA:62,1
DA:63,1
DA:65,1
DA:66,8
DA:68,16
DA:69,1
DA:70,1
DA:72,1
DA:73,1
DA:74,1
DA:75,8
DA:77,16
DA:79,1
DA:80,1
DA:82,1
DA:83,8
DA:84,12
DA:86,12
LF:63
LH:63
end_of_record
TN:
SF:/home/ana/Desktop/vs_najnovija_verzija/VerifikacijaSoftvera/unit_tests/tests/test_customer.cpp
FN:6,52,_ZL29____C_A_T_C_H____T_E_S_T____0v
FNDA:4,_ZL29____C_A_T_C_H____T_E_S_T____0v
FNF:1
FNH:1
DA:6,4
DA:7,4
DA:8,4
DA:10,8
DA:11,1
DA:12,3
DA:13,1
DA:14,4
DA:16,8
DA:18,1
DA:19,1
DA:22,1
DA:23,1
DA:24,4
DA:26,8
DA:27,1
DA:28,1
DA:30,1
DA:32,1
DA:33,1
DA:37,1
DA:38,1
DA:39,1
DA:40,1
DA:41,1
DA:42,5
DA:44,8
DA:45,1
DA:47,1
DA:49,1
DA:50,4
DA:52,4
LF:32
LH:32
end_of_record
TN:
SF:/home/ana/Desktop/vs_najnovija_verzija/VerifikacijaSoftvera/unit_tests/tests/test_employee.cpp
FN:6,45,_ZL29____C_A_T_C_H____T_E_S_T____0v
FNDA:4,_ZL29____C_A_T_C_H____T_E_S_T____0v
FNF:1
FNH:1
DA:6,4
DA:7,4
DA:8,4
DA:10,8
DA:11,1
DA:12,3
DA:13,3
DA:14,1
DA:15,1
DA:16,4
DA:18,8
DA:20,3
DA:21,4
DA:23,8
DA:24,1
DA:27,1
DA:28,4
DA:30,8
DA:31,1
DA:32,1
DA:34,1
DA:36,1
DA:37,1
DA:41,1
DA:42,1
DA:43,5
DA:45,4
LF:27
LH:27
end_of_record
TN:
SF:/home/ana/Desktop/vs_najnovija_verzija/VerifikacijaSoftvera/unit_tests/tests/test_person.cpp
FN:6,43,_ZL29____C_A_T_C_H____T_E_S_T____0v
FNDA:3,_ZL29____C_A_T_C_H____T_E_S_T____0v
FNF:1
FNH:1
DA:6,3
DA:7,3
DA:8,3
DA:10,6
DA:11,1
DA:12,1
DA:13,1
DA:14,1
DA:15,1
DA:18,1
DA:19,3
DA:21,6
DA:22,1
DA:23,1
DA:24,3
DA:26,6
DA:28,1
DA:30,1
DA:31,1
DA:32,1
DA:33,1
DA:36,1
DA:40,1
DA:41,3
DA:43,3
LF:25
LH:25
end_of_record
TN:
SF:/home/ana/Desktop/vs_najnovija_verzija/VerifikacijaSoftvera/unit_tests/tests/test_rajdeep.cpp
FN:6,45,_ZL29____C_A_T_C_H____T_E_S_T____0v
FNDA:3,_ZL29____C_A_T_C_H____T_E_S_T____0v
FNF:1
FNH:1
DA:6,3
DA:9,6
DA:10,1
DA:11,1
DA:13,1
DA:14,1
DA:16,1
DA:17,1
DA:18,4
DA:20,6
DA:21,1
DA:22,1
DA:25,1
DA:26,1
DA:28,1
DA:29,1
DA:30,4
DA:32,6
DA:34,1
DA:38,1
DA:42,3
DA:43,3
DA:45,3
LF:23
LH:23
end_of_record
TN:
SF:/home/ana/Desktop/vs_najnovija_verzija/VerifikacijaSoftvera/unit_tests/tests/test_timestamp.cpp
FN:5,50,_ZL29____C_A_T_C_H____T_E_S_T____0v
FNDA:4,_ZL29____C_A_T_C_H____T_E_S_T____0v
FNF:1
FNH:1
DA:5,4
DA:7,8
DA:8,1
DA:9,1
DA:10,1
DA:11,4
DA:13,8
DA:14,1
DA:15,1
DA:16,1
DA:17,1
DA:20,1
DA:21,1
DA:22,1
DA:25,1
DA:26,1
DA:27,1
DA:28,4
DA:30,8
DA:31,1
DA:32,1
DA:33,1
DA:37,1
DA:38,4
DA:40,8
DA:41,1
DA:42,1
DA:43,1
DA:46,1
DA:47,1
DA:48,4
DA:50,4
LF:32
LH:32
end_of_record
TN:
SF:/home/ana/Desktop/vs_najnovija_verzija/VerifikacijaSoftvera/unit_tests/tests/test_txn.cpp
FN:7,59,_ZL29____C_A_T_C_H____T_E_S_T____0v
FNDA:3,_ZL29____C_A_T_C_H____T_E_S_T____0v
FNF:1
FNH:1
DA:7,3
DA:9,3
DA:10,3
DA:12,3
DA:14,6
DA:16,1
DA:18,1
DA:19,1
DA:21,1
DA:23,1
DA:24,1
DA:26,1
DA:27,1
DA:28,1
DA:29,4
DA:31,6
DA:33,1
DA:35,1
DA:36,1
DA:38,1
DA:40,1
DA:42,1
DA:43,1
DA:44,4
DA:46,6
DA:48,1
DA:50,1
DA:51,1
DA:53,1
DA:55,1
DA:56,1
DA:57,4
DA:59,3
LF:33
LH:33
end_of_record
